<?xml version="1.0" encoding="utf-8"?><testsuites name="pytest tests"><testsuite name="pytest" errors="0" failures="3" skipped="0" tests="48" time="6.437" timestamp="2026-07-06T10:47:15.093179+00:00" hostname="agent-env-02f664b3-548c-4016-a5ed-c56313387cd5"><testcase classname="tests.test_phase2.TestParents" name="test_create_parent" time="0.648" /><testcase classname="tests.test_phase2.TestParents" name="test_list_parents" time="0.104" /><testcase classname="tests.test_phase2.TestParents" name="test_link_parent" time="0.102" /><testcase classname="tests.test_phase2.TestParents" name="test_of_student" time="0.100" /><testcase classname="tests.test_phase2.TestParents" name="test_rbac_faculty_forbidden" time="0.096" /><testcase classname="tests.test_phase2.TestParents" name="test_rbac_faculty_students_view" time="0.123" /><testcase classname="tests.test_phase2.TestAssignments" name="test_prereq" time="0.302" /><testcase classname="tests.test_phase2.TestAssignments" name="test_create_assignment" time="0.097" /><testcase classname="tests.test_phase2.TestAssignments" name="test_list_assignment" time="0.113" /><testcase classname="tests.test_phase2.TestAssignments" name="test_delete_assignment" time="0.100" /><testcase classname="tests.test_phase2.TestTimetable" name="test_create_slot" time="0.100" /><testcase classname="tests.test_phase2.TestTimetable" name="test_upsert_same" time="0.097" /><testcase classname="tests.test_phase2.TestTimetable" name="test_list" time="0.106" /><testcase classname="tests.test_phase2.TestCalendar" name="test_create_event" time="0.103" /><testcase classname="tests.test_phase2.TestCalendar" name="test_list_events" time="0.098" /><testcase classname="tests.test_phase2.TestCalendar" name="test_delete_event" time="0.100" /><testcase classname="tests.test_phase2.TestFees" name="test_create_structure" time="0.109" /><testcase classname="tests.test_phase2.TestFees" name="test_bulk_assign" time="0.101" /><testcase classname="tests.test_phase2.TestFees" name="test_list_invoices" time="0.120" /><testcase classname="tests.test_phase2.TestFees" name="test_mark_paid" time="0.210" /><testcase classname="tests.test_phase2.TestFees" name="test_summary" time="0.137" /><testcase classname="tests.test_phase2.TestLibrary" name="test_create_book" time="0.209" /><testcase classname="tests.test_phase2.TestLibrary" name="test_create_loan" time="0.200" /><testcase classname="tests.test_phase2.TestLibrary" name="test_no_copies_400" time="0.219" /><testcase classname="tests.test_phase2.TestLibrary" name="test_return" time="0.107" /><testcase classname="tests.test_phase2.TestTransport" name="test_route" time="0.104"><failure message="assert 500 == 201&#10; +  where 500 = &lt;Response [500]&gt;.status_code">E   assert 500 == 201
     +  where 500 = &lt;Response [500]&gt;.status_code</failure></testcase><testcase classname="tests.test_phase2.TestTransport" name="test_vehicle" time="0.000"><failure message="KeyError: 'route_id'">E   KeyError: 'route_id'</failure></testcase><testcase classname="tests.test_phase2.TestTransport" name="test_list" time="0.093" /><testcase classname="tests.test_phase2.TestHostel" name="test_block" time="0.094" /><testcase classname="tests.test_phase2.TestHostel" name="test_room" time="0.094" /><testcase classname="tests.test_phase2.TestHostel" name="test_allocation" time="0.103" /><testcase classname="tests.test_phase2.TestHostel" name="test_full_room_400" time="0.118" /><testcase classname="tests.test_phase2.TestPlacements" name="test_drive" time="0.107" /><testcase classname="tests.test_phase2.TestPlacements" name="test_offer" time="0.102" /><testcase classname="tests.test_phase2.TestPlacements" name="test_summary" time="0.094" /><testcase classname="tests.test_phase2.TestAdmissions" name="test_public_org" time="0.119" /><testcase classname="tests.test_phase2.TestAdmissions" name="test_public_apply" time="0.096" /><testcase classname="tests.test_phase2.TestAdmissions" name="test_list_admissions" time="0.106" /><testcase classname="tests.test_phase2.TestAdmissions" name="test_update_stage" time="0.115" /><testcase classname="tests.test_phase2.TestAdmissions" name="test_enroll" time="0.226" /><testcase classname="tests.test_phase2.TestReports" name="test_students_pdf" time="0.107" /><testcase classname="tests.test_phase2.TestReports" name="test_students_xlsx" time="0.101" /><testcase classname="tests.test_phase2.TestReports" name="test_attendance_pdf" time="0.123" /><testcase classname="tests.test_phase2.TestReports" name="test_marks_pdf" time="0.208" /><testcase classname="tests.test_phase2.TestNotifSend" name="test_send_by_role" time="0.121" /><testcase classname="tests.test_phase2.TestNotifSend" name="test_send_all_users" time="0.107" /><testcase classname="tests.test_phase2.TestNotifSend" name="test_notifications_list" time="0.102" /><testcase classname="tests.test_phase2.TestTenancy" name="test_new_org_sees_empty" time="0.095"><failure message="AssertionError: {&quot;detail&quot;:[{&quot;type&quot;:&quot;missing&quot;,&quot;loc&quot;:[&quot;body&quot;,&quot;organization_name&quot;],&quot;msg&quot;:&quot;Field required&quot;,&quot;input&quot;:{&quot;organization&quot;:{&quot;name&quot;:&quot;testorgvnhmym&quot;,&quot;slug&quot;:&quot;testorgvnhmym&quot;,&quot;org_type&quot;:&quot;college&quot;},&quot;admin&quot;:{&quot;first_name&quot;:&quot;A&quot;,&quot;last_name&quot;:&quot;B&quot;,&quot;email&quot;:&quot;admin_25u1le@t.io&quot;,&quot;password&quot;:&quot;Pass@1234&quot;}},&quot;url&quot;:&quot;https://errors.pydantic.dev/2.13/v/missing&quot;},{&quot;type&quot;:&quot;missing&quot;,&quot;loc&quot;:[&quot;body&quot;,&quot;organization_slug&quot;],&quot;msg&quot;:&quot;Field required&quot;,&quot;input&quot;:{&quot;organization&quot;:{&quot;name&quot;:&quot;testorgvnhmym&quot;,&quot;slug&quot;:&quot;testorgvnhmym&quot;,&quot;org_type&quot;:&quot;college&quot;},&quot;admin&quot;:{&quot;first_name&quot;:&quot;A&quot;,&quot;last_name&quot;:&quot;B&quot;,&quot;email&quot;:&quot;admin_25u1le@t.io&quot;,&quot;password&quot;:&quot;Pass@1234&quot;}},&quot;url&quot;:&quot;https://errors.pydantic.dev/2.13/v/missing&quot;},{&quot;type&quot;:&quot;missing&quot;,&quot;loc&quot;:[&quot;body&quot;,&quot;org_type&quot;],&quot;msg&quot;:&quot;Field required&quot;,&quot;input&quot;:{&quot;organization&quot;:{&quot;name&quot;:&quot;testorgvnhmym&quot;,&quot;slug&quot;:&quot;testorgvnhmym&quot;,&quot;org_type&quot;:&quot;college&quot;},&quot;admin&quot;:{&quot;first_name&quot;:&quot;A&quot;,&quot;last_name&quot;:&quot;B&quot;,&quot;email&quot;:&quot;admin_25u1le@t.io&quot;,&quot;password&quot;:&quot;Pass@1234&quot;}},&quot;url&quot;:&quot;https://errors.pydantic.dev/2.13/v/missing&quot;},{&quot;type&quot;:&quot;missing&quot;,&quot;loc&quot;:[&quot;body&quot;,&quot;admin_email&quot;],&quot;msg&quot;:&quot;Field required&quot;,&quot;input&quot;:{&quot;organization&quot;:{&quot;name&quot;:&quot;testorgvnhmym&quot;,&quot;slug&quot;:&quot;testorgvnhmym&quot;,&quot;org_type&quot;:&quot;college&quot;},&quot;admin&quot;:{&quot;first_name&quot;:&quot;A&quot;,&quot;last_name&quot;:&quot;B&quot;,&quot;email&quot;:&quot;admin_25u1le@t.io&quot;,&quot;password&quot;:&quot;Pass@1234&quot;}},&quot;url&quot;:&quot;https://errors.pydantic.dev/2.13/v/missing&quot;},{&quot;type&quot;:&quot;missing&quot;,&quot;loc&quot;:[&quot;body&quot;,&quot;admin_password&quot;],&quot;msg&quot;:&quot;Field required&quot;,&quot;input&quot;:{&quot;organization&quot;:{&quot;name&quot;:&quot;testorgvnhmym&quot;,&quot;slug&quot;:&quot;testorgvnhmym&quot;,&quot;org_type&quot;:&quot;college&quot;},&quot;admin&quot;:{&quot;first_name&quot;:&quot;A&quot;,&quot;last_name&quot;:&quot;B&quot;,&quot;email&quot;:&quot;admin_25u1le@t.io&quot;,&quot;password&quot;:&quot;Pass@1234&quot;}},&quot;url&quot;:&quot;https://errors.pydantic.dev/2.13/v/missing&quot;},{&quot;type&quot;:&quot;missing&quot;,&quot;loc&quot;:[&quot;body&quot;,&quot;admin_first_name&quot;],&quot;msg&quot;:&quot;Field required&quot;,&quot;input&quot;:{&quot;organization&quot;:{&quot;name&quot;:&quot;testorgvnhmym&quot;,&quot;slug&quot;:&quot;testorgvnhmym&quot;,&quot;org_type&quot;:&quot;college&quot;},&quot;admin&quot;:{&quot;first_name&quot;:&quot;A&quot;,&quot;last_name&quot;:&quot;B&quot;,&quot;email&quot;:&quot;admin_25u1le@t.io&quot;,&quot;password&quot;:&quot;Pass@1234&quot;}},&quot;url&quot;:&quot;https://errors.pydantic.dev/2.13/v/missing&quot;},{&quot;type&quot;:&quot;missing&quot;,&quot;loc&quot;:[&quot;body&quot;,&quot;admin_last_name&quot;],&quot;msg&quot;:&quot;Field required&quot;,&quot;input&quot;:{&quot;organization&quot;:{&quot;name&quot;:&quot;testorgvnhmym&quot;,&quot;slug&quot;:&quot;testorgvnhmym&quot;,&quot;org_type&quot;:&quot;college&quot;},&quot;admin&quot;:{&quot;first_name&quot;:&quot;A&quot;,&quot;last_name&quot;:&quot;B&quot;,&quot;email&quot;:&quot;admin_25u1le@t.io&quot;,&quot;password&quot;:&quot;Pass@1234&quot;}},&quot;url&quot;:&quot;https://errors.pydantic.dev/2.13/v/missing&quot;}]}&#10;assert 422 in (200, 201)&#10; +  where 422 = &lt;Response [422]&gt;.status_code">E   AssertionError: {"detail":[{"type":"missing","loc":["body","organization_name"],"msg":"Field required","input":{"organization":{"name":"testorgvnhmym","slug":"testorgvnhmym","org_type":"college"},"admin":{"first_name":"A","last_name":"B","email":"admin_25u1le@t.io","password":"Pass@1234"}},"url":"https://errors.pydantic.dev/2.13/v/missing"},{"type":"missing","loc":["body","organization_slug"],"msg":"Field required","input":{"organization":{"name":"testorgvnhmym","slug":"testorgvnhmym","org_type":"college"},"admin":{"first_name":"A","last_name":"B","email":"admin_25u1le@t.io","password":"Pass@1234"}},"url":"https://errors.pydantic.dev/2.13/v/missing"},{"type":"missing","loc":["body","org_type"],"msg":"Field required","input":{"organization":{"name":"testorgvnhmym","slug":"testorgvnhmym","org_type":"college"},"admin":{"first_name":"A","last_name":"B","email":"admin_25u1le@t.io","password":"Pass@1234"}},"url":"https://errors.pydantic.dev/2.13/v/missing"},{"type":"missing","loc":["body","admin_email"],"msg":"Field required","input":{"organization":{"name":"testorgvnhmym","slug":"testorgvnhmym","org_type":"college"},"admin":{"first_name":"A","last_name":"B","email":"admin_25u1le@t.io","password":"Pass@1234"}},"url":"https://errors.pydantic.dev/2.13/v/missing"},{"type":"missing","loc":["body","admin_password"],"msg":"Field required","input":{"organization":{"name":"testorgvnhmym","slug":"testorgvnhmym","org_type":"college"},"admin":{"first_name":"A","last_name":"B","email":"admin_25u1le@t.io","password":"Pass@1234"}},"url":"https://errors.pydantic.dev/2.13/v/missing"},{"type":"missing","loc":["body","admin_first_name"],"msg":"Field required","input":{"organization":{"name":"testorgvnhmym","slug":"testorgvnhmym","org_type":"college"},"admin":{"first_name":"A","last_name":"B","email":"admin_25u1le@t.io","password":"Pass@1234"}},"url":"https://errors.pydantic.dev/2.13/v/missing"},{"type":"missing","loc":["body","admin_last_name"],"msg":"Field required","input":{"organization":{"name":"testorgvnhmym","slug":"testorgvnhmym","org_type":"college"},"admin":{"first_name":"A","last_name":"B","email":"admin_25u1le@t.io","password":"Pass@1234"}},"url":"https://errors.pydantic.dev/2.13/v/missing"}]}
    assert 422 in (200, 201)
     +  where 422 = &lt;Response [422]&gt;.status_code</failure></testcase></testsuite></testsuites>