<?xml version="1.0" encoding="utf-8"?><testsuites name="pytest tests"><testsuite name="pytest" errors="0" failures="1" skipped="0" tests="36" time="8.307" timestamp="2026-07-06T10:07:36.971569+00:00" hostname="agent-env-02f664b3-548c-4016-a5ed-c56313387cd5"><testcase classname="tests.backend_test.TestAuth" name="test_login_principal" time="0.236" /><testcase classname="tests.backend_test.TestAuth" name="test_login_faculty" time="0.206" /><testcase classname="tests.backend_test.TestAuth" name="test_login_super_admin" time="0.199" /><testcase classname="tests.backend_test.TestAuth" name="test_login_invalid" time="0.098" /><testcase classname="tests.backend_test.TestAuth" name="test_me_principal" time="0.095" /><testcase classname="tests.backend_test.TestAuth" name="test_refresh" time="0.119"><failure message="AssertionError: Internal Server Error&#10;assert 500 == 200&#10; +  where 500 = &lt;Response [500]&gt;.status_code">backend/tests/backend_test.py:75: in test_refresh
    assert r.status_code == 200, r.text
E   AssertionError: Internal Server Error
E   assert 500 == 200
E    +  where 500 = &lt;Response [500]&gt;.status_code</failure></testcase><testcase classname="tests.backend_test.TestAuth" name="test_register_new_org" time="0.173" /><testcase classname="tests.backend_test.TestSuperAdmin" name="test_list_orgs" time="0.092" /><testcase classname="tests.backend_test.TestSuperAdmin" name="test_super_health_kpis" time="0.110" /><testcase classname="tests.backend_test.TestSuperAdmin" name="test_create_and_suspend_org" time="0.360" /><testcase classname="tests.backend_test.TestSuperAdmin" name="test_non_super_admin_forbidden" time="0.092" /><testcase classname="tests.backend_test.TestRoles" name="test_list_permissions" time="0.100" /><testcase classname="tests.backend_test.TestRoles" name="test_list_roles_has_system" time="0.098" /><testcase classname="tests.backend_test.TestRoles" name="test_create_custom_role" time="0.108" /><testcase classname="tests.backend_test.TestRoles" name="test_get_role_details" time="0.099" /><testcase classname="tests.backend_test.TestUsers" name="test_list_users" time="0.096" /><testcase classname="tests.backend_test.TestUsers" name="test_create_user_with_role" time="0.136" /><testcase classname="tests.backend_test.TestUsers" name="test_patch_user" time="0.103" /><testcase classname="tests.backend_test.TestUsers" name="test_create_no_role_user_and_denied" time="0.482" /><testcase classname="tests.backend_test.TestAcademic" name="test_create_full_academic_tree" time="0.506" /><testcase classname="tests.backend_test.TestStudents" name="test_list_students_seeded" time="0.096" /><testcase classname="tests.backend_test.TestStudents" name="test_fuzzy_search_suresh" time="0.111" /><testcase classname="tests.backend_test.TestStudents" name="test_fuzzy_search_priya" time="0.093" /><testcase classname="tests.backend_test.TestStudents" name="test_create_and_update_student" time="0.294" /><testcase classname="tests.backend_test.TestTenancyIsolation" name="test_new_org_has_zero_students" time="0.105" /><testcase classname="tests.backend_test.TestTenancyIsolation" name="test_new_org_cannot_access_other_student" time="0.086" /><testcase classname="tests.backend_test.TestFaculty" name="test_create_faculty_creates_user" time="0.503" /><testcase classname="tests.backend_test.TestFaculty" name="test_list_faculty" time="0.094" /><testcase classname="tests.backend_test.TestAttendance" name="test_create_session_and_summary" time="0.326" /><testcase classname="tests.backend_test.TestMarks" name="test_exam_marks_publish_flow" time="0.418" /><testcase classname="tests.backend_test.TestAnalytics" name="test_dashboard" time="0.104" /><testcase classname="tests.backend_test.TestBilling" name="test_plans" time="0.100" /><testcase classname="tests.backend_test.TestBilling" name="test_subscription" time="0.103" /><testcase classname="tests.backend_test.TestBilling" name="test_order_and_mock_pay" time="0.246" /><testcase classname="tests.backend_test.TestAudit" name="test_audit_logs_present" time="0.096" /><testcase classname="tests.backend_test.TestAIChat" name="test_chat_endpoint_graceful" time="1.919" /></testsuite></testsuites>